timestamp: 2012-04-08T15:50:13.573307
CREATE TABLE person(
    id INTEGER PRIMARY KEY AUTOINCREMENT,
    username CHAR(17),
    email CHAR(128) UNIQUE,
    password CHAR(512),
    joindate DOUBLE,
    karma INTEGER,
    registration_key CHAR(512),
    reset_password_key CHAR(512),
    registration_id CHAR(512)
);
success!
timestamp: 2012-04-08T15:50:13.673273
CREATE TABLE auth_group(
    id INTEGER PRIMARY KEY AUTOINCREMENT,
    role CHAR(512),
    description TEXT
);
success!
timestamp: 2012-04-08T15:50:13.740857
CREATE TABLE auth_membership(
    id INTEGER PRIMARY KEY AUTOINCREMENT,
    user_id INTEGER REFERENCES person(id) ON DELETE CASCADE,
    group_id INTEGER REFERENCES auth_group(id) ON DELETE CASCADE
);
success!
timestamp: 2012-04-08T15:50:13.790128
CREATE TABLE auth_permission(
    id INTEGER PRIMARY KEY AUTOINCREMENT,
    group_id INTEGER REFERENCES auth_group(id) ON DELETE CASCADE,
    name CHAR(512),
    table_name CHAR(512),
    record_id INTEGER
);
success!
timestamp: 2012-04-08T15:50:13.857709
CREATE TABLE auth_event(
    id INTEGER PRIMARY KEY AUTOINCREMENT,
    time_stamp TIMESTAMP,
    client_ip CHAR(512),
    user_id INTEGER REFERENCES person(id) ON DELETE CASCADE,
    origin CHAR(512),
    description TEXT
);
success!
timestamp: 2012-04-08T15:50:13.922356
CREATE TABLE auth_cas(
    id INTEGER PRIMARY KEY AUTOINCREMENT,
    user_id INTEGER REFERENCES person(id) ON DELETE CASCADE,
    created_on TIMESTAMP,
    service CHAR(512),
    ticket CHAR(512),
    renew CHAR(1)
);
success!
timestamp: 2012-04-08T15:50:14.010068
CREATE TABLE article(
    id INTEGER PRIMARY KEY AUTOINCREMENT,
    title CHAR(100),
    url CHAR(2048),
    content CHAR(2048),
    author CHAR(512),
    nsfw CHAR(1),
    selftext CHAR(1),
    score INTEGER,
    comments INTEGER,
    flagged CHAR(1),
    category CHAR(512)
);
success!
timestamp: 2012-04-08T15:50:14.074071
CREATE TABLE category(
    id INTEGER PRIMARY KEY AUTOINCREMENT,
    name CHAR(512),
    description CHAR(512)
);
success!
timestamp: 2012-04-08T15:50:14.138165
CREATE TABLE comments(
    id INTEGER PRIMARY KEY AUTOINCREMENT,
    article INTEGER REFERENCES article(id) ON DELETE CASCADE,
    parent_node INTEGER,
    body CHAR(512),
    deleted CHAR(1),
    votes INTEGER,
    author CHAR(512),
    created_on TIMESTAMP
);
success!
timestamp: 2012-04-19T02:47:52.337485
ALTER TABLE article ADD created_on TIMESTAMP;
timestamp: 2012-04-22T03:28:16.837620
CREATE TABLE person(
    id INT AUTO_INCREMENT NOT NULL,
    username VARCHAR(17),
    email VARCHAR(128) UNIQUE,
    password VARCHAR(255),
    joindate DOUBLE,
    karma INT,
    registration_key VARCHAR(255),
    reset_password_key VARCHAR(255),
    registration_id VARCHAR(255),
    PRIMARY KEY(id)
) ENGINE=InnoDB CHARACTER SET utf8;
success!
timestamp: 2012-04-22T03:28:16.976814
CREATE TABLE auth_group(
    id INT AUTO_INCREMENT NOT NULL,
    role VARCHAR(255),
    description LONGTEXT,
    PRIMARY KEY(id)
) ENGINE=InnoDB CHARACTER SET utf8;
success!
timestamp: 2012-04-22T03:28:17.060616
CREATE TABLE auth_membership(
    id INT AUTO_INCREMENT NOT NULL,
    user_id INT, INDEX user_id__idx (user_id), FOREIGN KEY (user_id) REFERENCES person(id) ON DELETE CASCADE,
    group_id INT, INDEX group_id__idx (group_id), FOREIGN KEY (group_id) REFERENCES auth_group(id) ON DELETE CASCADE,
    PRIMARY KEY(id)
) ENGINE=InnoDB CHARACTER SET utf8;
success!
timestamp: 2012-04-22T03:28:17.193741
CREATE TABLE auth_permission(
    id INT AUTO_INCREMENT NOT NULL,
    group_id INT, INDEX group_id__idx (group_id), FOREIGN KEY (group_id) REFERENCES auth_group(id) ON DELETE CASCADE,
    name VARCHAR(255),
    table_name VARCHAR(255),
    record_id INT,
    PRIMARY KEY(id)
) ENGINE=InnoDB CHARACTER SET utf8;
success!
timestamp: 2012-04-22T03:28:17.302134
CREATE TABLE auth_event(
    id INT AUTO_INCREMENT NOT NULL,
    time_stamp DATETIME,
    client_ip VARCHAR(255),
    user_id INT, INDEX user_id__idx (user_id), FOREIGN KEY (user_id) REFERENCES person(id) ON DELETE CASCADE,
    origin VARCHAR(255),
    description LONGTEXT,
    PRIMARY KEY(id)
) ENGINE=InnoDB CHARACTER SET utf8;
success!
timestamp: 2012-04-22T03:28:17.377485
CREATE TABLE auth_cas(
    id INT AUTO_INCREMENT NOT NULL,
    user_id INT, INDEX user_id__idx (user_id), FOREIGN KEY (user_id) REFERENCES person(id) ON DELETE CASCADE,
    created_on DATETIME,
    service VARCHAR(255),
    ticket VARCHAR(255),
    renew CHAR(1),
    PRIMARY KEY(id)
) ENGINE=InnoDB CHARACTER SET utf8;
success!
timestamp: 2012-04-22T03:28:17.437458
CREATE TABLE article(
    id INT AUTO_INCREMENT NOT NULL,
    title VARCHAR(100),
    url VARCHAR(255),
    content VARCHAR(255),
    author VARCHAR(255),
    nsfw CHAR(1),
    selftext CHAR(1),
    score INT,
    comments INT,
    flagged CHAR(1),
    category VARCHAR(255),
    created_on DATETIME,
    PRIMARY KEY(id)
) ENGINE=InnoDB CHARACTER SET utf8;
success!
timestamp: 2012-04-22T03:28:17.494661
CREATE TABLE category(
    id INT AUTO_INCREMENT NOT NULL,
    name VARCHAR(255),
    description VARCHAR(255),
    PRIMARY KEY(id)
) ENGINE=InnoDB CHARACTER SET utf8;
success!
timestamp: 2012-04-22T03:28:17.554416
CREATE TABLE comments(
    id INT AUTO_INCREMENT NOT NULL,
    article INT, INDEX article__idx (article), FOREIGN KEY (article) REFERENCES article(id) ON DELETE CASCADE,
    parent_node INT,
    body VARCHAR(255),
    deleted CHAR(1),
    votes INT,
    author VARCHAR(255),
    created_on DATETIME,
    PRIMARY KEY(id)
) ENGINE=InnoDB CHARACTER SET utf8;
success!
